<?xml version="1.0" encoding="UTF-8"?>
<testng-results skipped="0" failed="0" ignored="0" total="2" passed="2">
  <reporter-output>
  </reporter-output>
  <suite name="Default suite" duration-ms="130582" started-at="2017-07-28T15:53:53Z" finished-at="2017-07-28T15:56:04Z">
    <groups>
    </groups>
    <test name="Default test" duration-ms="130582" started-at="2017-07-28T15:53:53Z" finished-at="2017-07-28T15:56:04Z">
      <class name="AutomationTest.IMDBTest.IMDBTest">
        <test-method status="PASS" signature="setup()[pri:0, instance:AutomationTest.IMDBTest.IMDBTest@27efef64]" name="setup" is-config="true" duration-ms="53860" started-at="2017-07-28T17:53:53Z" finished-at="2017-07-28T17:54:47Z">
          <reporter-output>
          </reporter-output>
        </test-method> <!-- setup -->
        <test-method status="PASS" signature="topFilmsTestByGenre(java.lang.String, java.lang.String)[pri:1, instance:AutomationTest.IMDBTest.IMDBTest@27efef64]" name="topFilmsTestByGenre" duration-ms="47974" started-at="2017-07-28T17:54:47Z" data-provider="sortTypeAndGenre" finished-at="2017-07-28T17:55:35Z">
          <params>
            <param index="0">
              <value>
                <![CDATA[IMDb Rating]]>
              </value>
            </param>
            <param index="1">
              <value>
                <![CDATA[western]]>
              </value>
            </param>
          </params>
          <reporter-output>
          </reporter-output>
        </test-method> <!-- topFilmsTestByGenre -->
        <test-method status="PASS" signature="topFilmsTest(java.lang.String)[pri:2, instance:AutomationTest.IMDBTest.IMDBTest@27efef64]" name="topFilmsTest" duration-ms="27677" started-at="2017-07-28T17:55:35Z" data-provider="sortType" finished-at="2017-07-28T17:56:03Z">
          <params>
            <param index="0">
              <value>
                <![CDATA[IMDb Rating]]>
              </value>
            </param>
          </params>
          <reporter-output>
          </reporter-output>
        </test-method> <!-- topFilmsTest -->
        <test-method status="PASS" signature="tearDown()[pri:0, instance:AutomationTest.IMDBTest.IMDBTest@27efef64]" name="tearDown" is-config="true" duration-ms="1047" started-at="2017-07-28T17:56:03Z" finished-at="2017-07-28T17:56:04Z">
          <reporter-output>
          </reporter-output>
        </test-method> <!-- tearDown -->
      </class> <!-- AutomationTest.IMDBTest.IMDBTest -->
    </test> <!-- Default test -->
  </suite> <!-- Default suite -->
</testng-results>
